<?xml version="1.0" encoding="UTF-8"?><testsuite name="nosetests" tests="12" errors="0" failures="0" skip="0"><testcase classname="testOdmFileDataService.TestOdmFileDataService" name="test_odm_file_service_can_be_initialised" time="0.000"></testcase><testcase classname="testCsvFileDataService.TestCsvFileDataService" name="test_csv_file_service_can_be_initialised" time="0.004"></testcase><testcase classname="testDateConverter.TestDateConverter" name="test_convert_works_with_fulldate_normal_ordering" time="0.008"></testcase><testcase classname="testDateConverter.TestDateConverter" name="test_date_converter_can_be_initialised" time="0.000"></testcase><testcase classname="testDateConverter.TestDateConverter" name="test_isfulldate_is_false_when_partialdate_provided" time="0.000"></testcase><testcase classname="testDateConverter.TestDateConverter" name="test_isfulldate_is_true_when_fulldate_provided" time="0.000"></testcase><testcase classname="testDateConverter.TestDateConverter" name="test_ispartialdate_is_false_when_fulldate_provided" time="0.000"></testcase><testcase classname="testDateConverter.TestDateConverter" name="test_ispartialdate_is_true_when_partialdate_provided" time="0.000"></testcase><testcase classname="testFloatConverter.TestFloatConverter" name="test_contain_comma_thousand_delimiter_is_false_when_number_without_thousand_delimiter_provided" time="0.000"></testcase><testcase classname="testFloatConverter.TestFloatConverter" name="test_contain_comma_thousand_delimiter_is_true_when_number_with_thousand_delimiter_provided" time="0.000"></testcase><testcase classname="testFloatConverter.TestFloatConverter" name="test_convert_works_with_comma_floating_nr_delimiter" time="0.000"></testcase><testcase classname="testFloatConverter.TestFloatConverter" name="test_float_converter_can_be_initialised" time="0.000"></testcase></testsuite>